
        ==========     _____ _    _ ____  _____  ______          _____  
        =====         / ____| |  | |  _ \|  __ \|  ____|   /\   |  __ \ 
          =====      | (___ | |  | | |_) | |__) | |__     /  \  | |  | |
            ====      \___ \| |  | |  _ <|  _  /|  __|   / /\ \ | |  | |
              ====    ____) | |__| | |_) | | \ \| |____ / ____ \| |__| |
        ==========   |_____/ \____/|____/|_|  \_\______/_/    \_\_____/
	  v2.0.0

//========================== featureCounts setting ===========================\\
||                                                                            ||
||             Input files : 1 BAM file                                       ||
||                           o Aligned.out.bam                                ||
||                                                                            ||
||             Output file : fc_CON1_C9_updated_index_and_star.txt            ||
||                 Summary : fc_CON1_C9_updated_index_and_star.txt.summary    ||
||              Annotation : Homo_sapiens.GRCh37.75.gtf (GTF)                 ||
||      Dir for temp files : ./                                               ||
||                                                                            ||
||                 Threads : 48                                               ||
||                   Level : meta-feature level                               ||
||              Paired-end : yes                                              ||
||      Multimapping reads : not counted                                      ||
|| Multi-overlapping reads : not counted                                      ||
||   Min overlapping bases : 1                                                ||
||                                                                            ||
||          Chimeric reads : counted                                          ||
||        Both ends mapped : not required                                     ||
||                                                                            ||
\\============================================================================//

//================================= Running ==================================\\
||                                                                            ||
|| Load annotation file Homo_sapiens.GRCh37.75.gtf ...                        ||
||    Features : 1306656                                                      ||
||    Meta-features : 63677                                                   ||
||    Chromosomes/contigs : 265                                               ||
||                                                                            ||
|| Process BAM file Aligned.out.bam...                                        ||
||    Strand specific : stranded                                              ||
||    Paired-end reads are included.                                          ||
||    Total alignments : 46682796                                             ||
||    Successfully assigned alignments : 12012261 (25.7%)                     ||
||    Running time : 0.12 minutes                                             ||
||                                                                            ||
||                                                                            ||
|| Summary of counting results can be found in file "fc_CON1_C9_updated_inde  ||
|| x_and_star.txt.summary"                                                    ||
||                                                                            ||
\\============================================================================//

